[2018-11-10 21:54:52.911][debug][command:null][tid:15][com.facebook.buck.cli.Main] Starting up (build date 2018-11-07 19:49:52 +0100, rev ca7351859f5bc28f7bece20e58d8dfce4065b889), args: [build]
[2018-11-10 21:54:52.922][debug][command:null][tid:15][com.facebook.buck.cli.Main] System properties: {java.vendor=Oracle Corporation, sun.java.launcher=SUN_STANDARD, sun.management.compiler=HotSpot 64-Bit Tiered Compilers, jnidispatch.path=/home/kaiyin/cProjects/docopt_cpp/.buckd/tmp/buck_run.HRtz7y/jna--1138818901/jna8385167940867692911.tmp, os.name=Linux, sun.boot.class.path=/home/kaiyin/opt/versioned/jdk1.8.0_181/jre/lib/resources.jar:/home/kaiyin/opt/versioned/jdk1.8.0_181/jre/lib/rt.jar:/home/kaiyin/opt/versioned/jdk1.8.0_181/jre/lib/sunrsasign.jar:/home/kaiyin/opt/versioned/jdk1.8.0_181/jre/lib/jsse.jar:/home/kaiyin/opt/versioned/jdk1.8.0_181/jre/lib/jce.jar:/home/kaiyin/opt/versioned/jdk1.8.0_181/jre/lib/charsets.jar:/home/kaiyin/opt/versioned/jdk1.8.0_181/jre/lib/jfr.jar:/home/kaiyin/opt/versioned/jdk1.8.0_181/jre/classes, buck.module.resources=/home/kaiyin/javaProjects/buck/ant-out/buck-modules-resources, pf4j.pluginsDir=/home/kaiyin/javaProjects/buck/ant-out/buck-modules, sun.desktop=gnome, buck.path_to_isolated_trampoline=/home/kaiyin/javaProjects/buck/src/com/facebook/buck/rules/modern/builders/trampoline.sh, java.vm.specification.vendor=Oracle Corporation, java.runtime.version=1.8.0_181-b13, jna.loaded=true, buck.testrunner_classes=/home/kaiyin/javaProjects/buck/ant-out/testrunner/classes, buck.logging_config_file=/home/kaiyin/javaProjects/buck/config/logging.properties.st, buck.path_to_sh_binary_template=/home/kaiyin/javaProjects/buck/src/com/facebook/buck/shell/sh_binary_template, user.name=kaiyin, com.facebook.nailgun.NGServer.outputPath=/home/kaiyin/cProjects/docopt_cpp/.buckd/tmp/buck_run.HRtz7y/ngserver-out, buck.path_to_pywatchman=/home/kaiyin/javaProjects/buck/third-party/py/pywatchman, buck.report_generator_jar=/home/kaiyin/javaProjects/buck/ant-out/report-generator.jar, buck.git_commit=ca7351859f5bc28f7bece20e58d8dfce4065b889, user.language=en, sun.boot.library.path=/home/kaiyin/opt/versioned/jdk1.8.0_181/jre/lib/amd64, jna.nosys=true, java.version=1.8.0_181, user.timezone=Europe/Amsterdam, buck.test_util_no_tests_dir=true, sun.arch.data.model=64, java.endorsed.dirs=/home/kaiyin/opt/versioned/jdk1.8.0_181/jre/lib/endorsed, sun.cpu.isalist=, sun.jnu.encoding=UTF-8, file.encoding.pkg=sun.io, file.separator=/, java.specification.name=Java Platform API Specification, buck.jacoco_agent_jar=/home/kaiyin/javaProjects/buck/third-party/java/jacoco/jacocoagent.jar, java.class.version=52.0, user.country=US, buck.binary_hash=8033ad4fa9c9806997ee74b7acd1c523, java.home=/home/kaiyin/opt/versioned/jdk1.8.0_181/jre, buck.fix_script=/home/kaiyin/javaProjects/buck/programs/fixes/source_only_abi/autofix_source_only_abi_warnings.py, java.vm.info=mixed mode, os.version=4.18.0-10-generic, buck.version_uid=ca7351859f5bc28f7bece20e58d8dfce4065b889, org.eclipse.jetty.util.log.class=org.eclipse.jetty.util.log.JavaUtilLog, path.separator=:, java.vm.version=25.181-b13, java.awt.printerjob=sun.print.PSPrinterJob, sun.io.unicode.encoding=UnicodeLittle, awt.toolkit=sun.awt.X11.XToolkit, buck.mode=repository, buck.buck_build_type_info=/home/kaiyin/javaProjects/buck/config/build_type/LOCAL_ANT/type.txt, buck.dx=/home/kaiyin/javaProjects/buck/third-party/java/dx/etc/dx, buck.git_commit_timestamp=1541616592, user.home=/home/kaiyin, java.specification.vendor=Oracle Corporation, buck.git_dirty=0, java.library.path=/home/kaiyin/opt/versioned/swift/usr/lib:/usr/local/cuda/lib64:/home/kaiyin/opt/lib/cuda/lib64:/home/kaiyin/opt/lib:/usr/local/lib:/home/kaiyin/opt/lib/boost_1_67_0/lib:/usr/lib/jvm/java-8-oracle/jre/lib/amd64/server:/usr/java/packages/lib/amd64:/usr/lib64:/lib64:/lib:/usr/lib, java.vendor.url=http://java.oracle.com/, java.vm.vendor=Oracle Corporation, java.runtime.name=Java(TM) SE Runtime Environment, sun.java.command=com.facebook.buck.cli.bootstrapper.ClassLoaderBootstrapper com.facebook.buck.cli.Main$DaemonBootstrap local:.buckd/sock 180000, java.class.path=/home/kaiyin/javaProjects/buck/ant-out/bootstrapper/bootstrapper.jar, buck.buckd_dir=/home/kaiyin/cProjects/docopt_cpp/.buckd, buck.path_to_pathlib_py=/home/kaiyin/javaProjects/buck/third-party/py/pathlib/pathlib.py, buck.buckd_launch_time_nanos=122290852548, java.vm.specification.name=Java Virtual Machine Specification, java.vm.specification.version=1.8, sun.cpu.endian=little, sun.os.patch.level=unknown, java.awt.headless=true, java.io.tmpdir=/home/kaiyin/cProjects/docopt_cpp/.buckd/tmp/buck_run.HRtz7y, buck.android_agent_path=/home/kaiyin/javaProjects/buck/assets/android/agent.apk, java.vendor.url.bug=http://bugreport.sun.com/bugreport/, buck.path_to_python_dsl=/home/kaiyin/javaProjects/buck/python-dsl, jna.platform.library.path=/usr/lib/x86_64-linux-gnu:/lib/x86_64-linux-gnu:/lib64:/usr/lib:/lib:/lib/i386-linux-gnu:/usr/lib/i386-linux-gnu:/lib32:/usr/lib32:/usr/lib/x86_64-linux-gnu/tls:/usr/lib/i386-linux-gnu/tls:/usr/lib/x86_64-linux-gnu/libfakeroot, os.arch=amd64, java.awt.graphicsenv=sun.awt.X11GraphicsEnvironment, java.ext.dirs=/home/kaiyin/opt/versioned/jdk1.8.0_181/jre/lib/ext:/usr/java/packages/lib/ext, java.util.logging.config.class=com.facebook.buck.cli.bootstrapper.LogConfig, buck.path_to_six_py=/home/kaiyin/javaProjects/buck/third-party/py/six/six.py, user.dir=/home/kaiyin/cProjects/docopt_cpp, java.nio.file.spi.DefaultFileSystemProvider=com.facebook.buck.cli.bootstrapper.filesystem.BuckFileSystemProvider, line.separator=
, java.vm.name=Java HotSpot(TM) 64-Bit Server VM, buck.path_to_typing=/home/kaiyin/javaProjects/buck/third-party/py/typing/python2, buck.native_exopackage_fake_path=/home/kaiyin/javaProjects/buck/assets/android/native-exopackage-fakes.apk, file.encoding=UTF-8, java.specification.version=1.8}
[2018-11-10 21:54:53.114][debug][command:null][tid:15][com.facebook.buck.util.config.Configs] Loading configuration for /home/kaiyin/cProjects/docopt_cpp
[2018-11-10 21:54:53.125][debug][command:null][tid:15][com.facebook.buck.util.config.Configs] Loaded project configuration file /home/kaiyin/cProjects/docopt_cpp/.buckconfig
[2018-11-10 21:54:53.126][debug][command:null][tid:15][com.facebook.buck.util.config.Configs] Adding configuration overrides RawConfig{values={}}
[2018-11-10 21:54:53.518][info ][command:null][tid:15][com.facebook.buck.io.watchman.WatchmanFactory] Creating for: [/home/kaiyin/cProjects/docopt_cpp]
[2018-11-10 21:54:53.674][debug][command:null][tid:15][com.facebook.buck.io.ExecutableFinder] Executable 'watchman' mapped to 'Optional[/home/kaiyin/opt/bin/watchman]'
[2018-11-10 21:54:53.688][debug][command:null][tid:15][com.facebook.buck.util.ListeningProcessExecutor] Launching process with params ProcessExecutorParams{command=[/home/kaiyin/opt/bin/watchman, --output-encoding=bser, get-sockname]}
[2018-11-10 21:54:53.842][debug][command:null][tid:15][com.facebook.buck.util.ListeningProcessExecutor] Successfully launched process com.zaxxer.nuprocess.linux.LinuxProcess@5507fa38
[2018-11-10 21:54:53.847][debug][command:null][tid:15][com.facebook.buck.util.ListeningProcessExecutor] Waiting for process com.facebook.buck.util.ListeningProcessExecutor$LaunchedProcessImpl@27885bad timeout 1000000000 NANOSECONDS
[2018-11-10 21:54:53.856][debug][command:null][tid:15][com.facebook.buck.util.ListeningProcessExecutor] Wait for process returned 1
[2018-11-10 21:54:53.868][debug][command:null][tid:15][com.facebook.buck.io.watchman.WatchmanFactory] Waited 10 ms for Watchman command get-sockname, exit code 1
[2018-11-10 21:54:53.870][error][command:null][tid:15][com.facebook.buck.io.watchman.WatchmanFactory] Watchman's stderr: 2018-11-10T21:54:53,852: [] while computing sockname: failed to create /usr/local/var/run/watchman/kaiyin-state: No such file or directory

[2018-11-10 21:54:53.875][error][command:null][tid:15][com.facebook.buck.io.watchman.WatchmanFactory] Error 1 executing get-sockname
[2018-11-10 21:54:53.878][warn ][command:null][tid:15][com.facebook.buck.io.watchman.WatchmanFactory] Could not determine the socket to talk to Watchman, disabling.
[2018-11-10 21:54:53.881][debug][command:null][tid:15][com.facebook.buck.cli.Main] Watchman capabilities: [] Project watches: {} Glob handler config: PYTHON Query timeout ms config: Optional.empty
[2018-11-10 21:54:54.055][warn ][command:null][tid:15][com.facebook.buck.core.plugin.impl.DefaultBuckPluginManager] Time to load instances of interface com.facebook.buck.core.rules.config.ConfigurationRuleDescriptionProvider: 165
[2018-11-10 21:54:54.292][warn ][command:null][tid:15][com.facebook.buck.core.plugin.impl.DefaultBuckPluginManager] Time to load instances of interface com.facebook.buck.core.toolchain.ToolchainSupplier: 163
[2018-11-10 21:54:54.422][warn ][command:null][tid:15][com.facebook.buck.cli.Main] Manager cannot be async (as currently set in config) when not on daemon. Initializing blocking manager.
[2018-11-10 21:54:54.422][debug][command:null][tid:21][com.facebook.buck.io.AsynchronousDirectoryContentsCleaner] Starting to clean buck-out/.trash
[2018-11-10 21:54:54.497][debug][command:null][tid:21][com.facebook.buck.io.AsynchronousDirectoryContentsCleaner] Done cleaning buck-out/.trash
[2018-11-10 21:54:54.819][debug][command:cc40ed89-6443-4ee3-ab6a-b97f3bed8596][tid:15][com.facebook.buck.event.listener.SuperConsoleEventBusListener] Starting render scheduler (interval 100 ms)
[2018-11-10 21:54:55.018][debug][command:cc40ed89-6443-4ee3-ab6a-b97f3bed8596][tid:15][com.google.common.util.concurrent.ServiceManager] Starting PerfStatsTracking [RUNNING].
[2018-11-10 21:54:55.021][debug][command:cc40ed89-6443-4ee3-ab6a-b97f3bed8596][tid:15][com.google.common.util.concurrent.ServiceManager] Started PerfStatsTracking [RUNNING] in 4.999 ms.
[2018-11-10 21:54:55.042][debug][command:cc40ed89-6443-4ee3-ab6a-b97f3bed8596][tid:15][com.google.common.util.concurrent.ServiceManager] Starting ProcessTracker [STARTING].
[2018-11-10 21:54:55.043][debug][command:null][tid:25][com.facebook.buck.util.perf.ProcessTracker] startUp
[2018-11-10 21:54:55.099][debug][command:cc40ed89-6443-4ee3-ab6a-b97f3bed8596][tid:15][com.facebook.buck.cli.Main] InvocationInfo BuildId=[cc40ed89-6443-4ee3-ab6a-b97f3bed8596] Args=[build]
[2018-11-10 21:54:55.754][debug][command:null][tid:25][com.google.common.util.concurrent.ServiceManager] Started ProcessTracker [RUNNING] in 713.4 ms.
[2018-11-10 21:54:57.331][debug][command:cc40ed89-6443-4ee3-ab6a-b97f3bed8596][tid:15][com.facebook.buck.cli.Main] new Buck daemon
[2018-11-10 21:54:57.361][warn ][command:null][tid:29][com.facebook.buck.event.listener.PublicAnnouncementManager] Failed to get public announcements. Reason: Failed to establish connection to server.
[2018-11-10 21:54:57.448][info ][command:null][tid:30][com.facebook.buck.util.versioncontrol.VersionControlStatsGenerator] Starting generation of version control stats.
[2018-11-10 21:54:57.478][debug][command:null][tid:30][com.facebook.buck.util.versioncontrol.VersionControlCmdLineInterface] Executing command: hg log -l 1 --template {node|short}
[2018-11-10 21:54:57.514][warn ][command:null][tid:30][com.facebook.buck.util.versioncontrol.DelegatingVersionControlCmdLineInterface] Mercurial is the only VCS supported for VCS stats generation, however current project (which has enabled VCS stats generation in its .buckconfig) does not appear to be a Mercurial repository: 
com.facebook.buck.util.versioncontrol.VersionControlCommandFailedException: java.io.IOException: Cannot run program "hg" (in directory "/home/kaiyin/cProjects/docopt_cpp"): error=2, No such file or directory
[2018-11-10 21:54:57.516][debug][command:null][tid:30][com.facebook.buck.util.versioncontrol.DelegatingVersionControlCmdLineInterface] Using NoOpCmdLineInterface.
[2018-11-10 21:54:57.519][warn ][command:null][tid:30][com.facebook.buck.util.versioncontrol.VersionControlStatsGenerator] Skipping generation of version control stats as unsupported repository type.
[2018-11-10 21:54:57.542][info ][command:null][tid:30][com.facebook.buck.util.versioncontrol.VersionControlStatsGenerator] Starting generation of version control stats.
[2018-11-10 21:54:57.543][warn ][command:null][tid:30][com.facebook.buck.util.versioncontrol.VersionControlStatsGenerator] Skipping generation of version control stats as unsupported repository type.
[2018-11-10 21:54:58.115][debug][command:cc40ed89-6443-4ee3-ab6a-b97f3bed8596][tid:25][com.facebook.buck.util.perf.ProcessTracker] shutDown
[2018-11-10 21:54:58.116][debug][command:cc40ed89-6443-4ee3-ab6a-b97f3bed8596][tid:24][com.google.common.util.concurrent.ServiceManager] Service PerfStatsTracking [TERMINATED] has terminated. Previous state was: STOPPING
[2018-11-10 21:54:58.122][debug][command:cc40ed89-6443-4ee3-ab6a-b97f3bed8596][tid:25][com.google.common.util.concurrent.ServiceManager] Service ProcessTracker [TERMINATED] has terminated. Previous state was: STOPPING
[2018-11-10 21:54:58.131][debug][command:cc40ed89-6443-4ee3-ab6a-b97f3bed8596][tid:15][com.facebook.buck.event.listener.SuperConsoleEventBusListener] Stopping render scheduler
[2018-11-10 21:54:58.138][info ][command:cc40ed89-6443-4ee3-ab6a-b97f3bed8596][tid:15][com.facebook.buck.cli.Main] Awaiting termination of PROJECT executor service. Waiting for all jobs to complete, or up to maximum of 60 seconds...
[2018-11-10 21:54:58.140][info ][command:cc40ed89-6443-4ee3-ab6a-b97f3bed8596][tid:15][com.facebook.buck.cli.Main] Successfully terminated PROJECT executor service.
[2018-11-10 21:54:58.141][info ][command:cc40ed89-6443-4ee3-ab6a-b97f3bed8596][tid:15][com.facebook.buck.cli.Main] Awaiting termination of NETWORK executor service. Waiting for all jobs to complete, or up to maximum of 60 seconds...
[2018-11-10 21:54:58.141][info ][command:cc40ed89-6443-4ee3-ab6a-b97f3bed8596][tid:15][com.facebook.buck.cli.Main] Successfully terminated NETWORK executor service.
[2018-11-10 21:54:58.142][info ][command:cc40ed89-6443-4ee3-ab6a-b97f3bed8596][tid:15][com.facebook.buck.cli.Main] Awaiting termination of CPU executor service. Waiting for all jobs to complete, or up to maximum of 60 seconds...
[2018-11-10 21:54:58.144][info ][command:cc40ed89-6443-4ee3-ab6a-b97f3bed8596][tid:15][com.facebook.buck.cli.Main] Successfully terminated CPU executor service.
[2018-11-10 21:54:58.145][info ][command:cc40ed89-6443-4ee3-ab6a-b97f3bed8596][tid:15][com.facebook.buck.cli.Main] Awaiting termination of REMOTE executor service. Waiting for all jobs to complete, or up to maximum of 60 seconds...
[2018-11-10 21:54:58.146][info ][command:cc40ed89-6443-4ee3-ab6a-b97f3bed8596][tid:15][com.facebook.buck.cli.Main] Successfully terminated REMOTE executor service.
[2018-11-10 21:54:58.147][info ][command:cc40ed89-6443-4ee3-ab6a-b97f3bed8596][tid:15][com.facebook.buck.cli.Main] Awaiting termination of ScheduledExecutorService executor service. Waiting for all jobs to complete, or up to maximum of 60 seconds...
[2018-11-10 21:54:58.148][info ][command:cc40ed89-6443-4ee3-ab6a-b97f3bed8596][tid:15][com.facebook.buck.cli.Main] Successfully terminated ScheduledExecutorService executor service.
[2018-11-10 21:54:58.149][info ][command:cc40ed89-6443-4ee3-ab6a-b97f3bed8596][tid:15][com.facebook.buck.cli.Main] Awaiting termination of CounterAggregatorExecutor executor service. Waiting for all jobs to complete, or up to maximum of 20 seconds...
[2018-11-10 21:54:58.151][info ][command:cc40ed89-6443-4ee3-ab6a-b97f3bed8596][tid:15][com.facebook.buck.cli.Main] Successfully terminated CounterAggregatorExecutor executor service.
[2018-11-10 21:54:58.152][info ][command:cc40ed89-6443-4ee3-ab6a-b97f3bed8596][tid:15][com.facebook.buck.cli.Main] Awaiting termination of HTTP Read executor service. Waiting for all jobs to complete, or up to maximum of 1800 seconds...
[2018-11-10 21:54:58.153][info ][command:cc40ed89-6443-4ee3-ab6a-b97f3bed8596][tid:15][com.facebook.buck.cli.Main] Successfully terminated HTTP Read executor service.
[2018-11-10 21:54:58.154][info ][command:cc40ed89-6443-4ee3-ab6a-b97f3bed8596][tid:15][com.facebook.buck.cli.Main] Awaiting termination of Download Heavy Build HTTP Read executor service. Waiting for all jobs to complete, or up to maximum of 1800 seconds...
[2018-11-10 21:54:58.155][info ][command:cc40ed89-6443-4ee3-ab6a-b97f3bed8596][tid:15][com.facebook.buck.cli.Main] Successfully terminated Download Heavy Build HTTP Read executor service.
[2018-11-10 21:54:58.155][info ][command:cc40ed89-6443-4ee3-ab6a-b97f3bed8596][tid:15][com.facebook.buck.cli.Main] Awaiting termination of HTTP Write executor service. Waiting for all jobs to complete, or up to maximum of 1800 seconds...
[2018-11-10 21:54:58.156][info ][command:cc40ed89-6443-4ee3-ab6a-b97f3bed8596][tid:15][com.facebook.buck.cli.Main] Successfully terminated HTTP Write executor service.
[2018-11-10 21:54:58.157][info ][command:cc40ed89-6443-4ee3-ab6a-b97f3bed8596][tid:15][com.facebook.buck.cli.Main] Awaiting termination of Disk IO executor service. Waiting for all jobs to complete, or up to maximum of 10 seconds...
[2018-11-10 21:54:58.159][info ][command:cc40ed89-6443-4ee3-ab6a-b97f3bed8596][tid:15][com.facebook.buck.cli.Main] Successfully terminated Disk IO executor service.
[2018-11-10 21:54:58.163][debug][command:cc40ed89-6443-4ee3-ab6a-b97f3bed8596][tid:15][com.facebook.buck.event.listener.SuperConsoleEventBusListener] Stopping render scheduler
[2018-11-10 21:54:58.210][debug][command:null][tid:36][com.facebook.buck.event.listener.ChromeTraceBuildListener] Writing Chrome trace to buck-out/log/2018-11-10_20h54m54s_buildcommand_cc40ed89-6443-4ee3-ab6a-b97f3bed8596/build.2018-11-10.21-54-55.cc40ed89-6443-4ee3-ab6a-b97f3bed8596.trace
[2018-11-10 21:54:58.343][warn ][command:null][tid:15][com.facebook.buck.cli.Main] Command failed:
com.facebook.buck.util.CommandLineException: BAD ARGUMENTS: Must specify at least one build target. See https://buckbuild.com/concept/build_target_pattern.html
	at com.facebook.buck.cli.BuildCommand.assertArguments(BuildCommand.java:358)
	at com.facebook.buck.cli.BuildCommand.runWithoutHelp(BuildCommand.java:324)
	at com.facebook.buck.cli.AbstractCommand.run(AbstractCommand.java:242)
	at com.facebook.buck.cli.AbstractContainerCommand.run(AbstractContainerCommand.java:79)
	at com.facebook.buck.cli.Main.runMainWithExitCode(Main.java:1268)
	at com.facebook.buck.cli.Main.runMainThenExit(Main.java:454)
	at com.facebook.buck.cli.Main.nailMain(Main.java:2304)
	at sun.reflect.NativeMethodAccessorImpl.invoke0(Native Method)
	at sun.reflect.NativeMethodAccessorImpl.invoke(NativeMethodAccessorImpl.java:62)
	at sun.reflect.DelegatingMethodAccessorImpl.invoke(DelegatingMethodAccessorImpl.java:43)
	at java.lang.reflect.Method.invoke(Method.java:498)
	at com.facebook.nailgun.NGSession.runImpl(NGSession.java:313)
	at com.facebook.nailgun.NGSession.run(NGSession.java:199)

[2018-11-10 21:54:58.365][warn ][command:null][tid:15][com.facebook.buck.util.Console] Command failure: BAD ARGUMENTS: Must specify at least one build target. See https://buckbuild.com/concept/build_target_pattern.html
[2018-11-10 21:54:58.390][debug][command:null][tid:15][com.facebook.buck.cli.Main] Done.
[2018-11-10 21:54:58.403][info ][command:null][tid:15][com.facebook.nailgun.NGSession] Nail cleanly exited with status 3
[2018-11-10 21:54:58.405][debug][command:null][tid:15][com.facebook.nailgun.NGCommunicator] Shutting down socket for input
[2018-11-10 21:54:58.409][debug][command:null][tid:16][com.facebook.nailgun.NGCommunicator] Socket is disconnected
[2018-11-10 21:54:58.411][debug][command:null][tid:15][com.facebook.nailgun.NGCommunicator] Shutting down socket for output
[2018-11-10 21:54:58.413][debug][command:null][tid:16][com.facebook.nailgun.NGCommunicator] Nailgun client disconnected
[2018-11-10 21:54:58.414][debug][command:null][tid:16][com.facebook.nailgun.NGCommunicator] Orchestrator thread finished
[2018-11-10 21:54:58.414][debug][command:null][tid:15][com.facebook.nailgun.NGCommunicator] Shutting down read ExecutorService
[2018-11-10 21:54:58.416][debug][command:null][tid:15][com.facebook.nailgun.NGCommunicator] Shutting down orchestrator ExecutorService
[2018-11-10 21:54:58.419][debug][command:null][tid:15][com.facebook.nailgun.NGSession] NGSession 1 is closing client socket
[2018-11-10 21:55:22.816][debug][command:null][tid:15][com.facebook.nailgun.NGSession] NGSession 1 accepted new connection
[2018-11-10 21:55:22.839][debug][command:null][tid:38][com.facebook.nailgun.NGCommunicator] Orchestrator thread started
[2018-11-10 21:55:22.844][debug][command:null][tid:15][com.facebook.nailgun.NGCommunicator] Shutting down socket for input
[2018-11-10 21:55:22.846][debug][command:null][tid:38][com.facebook.nailgun.NGCommunicator] Socket is disconnected
[2018-11-10 21:55:22.846][debug][command:null][tid:15][com.facebook.nailgun.NGCommunicator] Shutting down socket for output
[2018-11-10 21:55:22.847][debug][command:null][tid:38][com.facebook.nailgun.NGCommunicator] Nailgun client disconnected
[2018-11-10 21:55:22.847][debug][command:null][tid:15][com.facebook.nailgun.NGCommunicator] Shutting down read ExecutorService
[2018-11-10 21:55:22.848][debug][command:null][tid:38][com.facebook.nailgun.NGCommunicator] Orchestrator thread finished
[2018-11-10 21:55:22.849][debug][command:null][tid:15][com.facebook.nailgun.NGCommunicator] Shutting down orchestrator ExecutorService
[2018-11-10 21:55:22.851][debug][command:null][tid:15][com.facebook.nailgun.NGSession] NGSession 1 is closing client socket
[2018-11-10 21:55:22.879][debug][command:null][tid:15][com.facebook.nailgun.NGSession] NGSession 1 accepted new connection
[2018-11-10 21:55:22.901][debug][command:null][tid:40][com.facebook.nailgun.NGCommunicator] Orchestrator thread started
[2018-11-10 21:55:22.904][debug][command:null][tid:15][com.facebook.buck.util.config.Configs] Loading configuration for /home/kaiyin/cProjects/docopt_cpp
[2018-11-10 21:55:22.915][debug][command:null][tid:15][com.facebook.buck.util.config.Configs] Loaded project configuration file /home/kaiyin/cProjects/docopt_cpp/.buckconfig
[2018-11-10 21:55:22.915][debug][command:null][tid:15][com.facebook.buck.util.config.Configs] Adding configuration overrides RawConfig{values={}}
[2018-11-10 21:55:22.945][debug][command:null][tid:15][com.facebook.buck.cli.Main] Rotating log.
