[2018-11-10 21:54:50.087][debug][command:null][tid:01][com.google.common.util.concurrent.ServiceManager] Starting HangMonitor [RUNNING].
[2018-11-10 21:54:50.359][debug][command:null][tid:01][com.google.common.util.concurrent.ServiceManager] Started HangMonitor [RUNNING] in 307.9 ms.
[2018-11-10 21:54:50.616][info ][command:null][tid:01][com.facebook.buck.cli.Main] enabling background process killing for buckd
[2018-11-10 21:54:50.640][info ][command:null][tid:01][com.facebook.buck.cli.Main] enabled background process killing for buckd
[2018-11-10 21:54:50.648][info ][command:null][tid:01][com.facebook.buck.cli.Main] initialized bg session killer
[2018-11-10 21:54:50.935][debug][command:null][tid:15][com.facebook.nailgun.NGSession] NGSession 1 is waiting for first client to connect
[2018-11-10 21:54:50.940][debug][command:null][tid:15][com.facebook.nailgun.NGSession] NGSession 1 accepted new connection
[2018-11-10 21:54:50.999][debug][command:null][tid:16][com.facebook.nailgun.NGCommunicator] Orchestrator thread started
[2018-11-10 21:54:51.194][debug][command:null][tid:15][com.facebook.buck.util.config.Configs] Loading configuration for /home/kaiyin/cProjects/docopt_cpp
[2018-11-10 21:54:51.366][debug][command:null][tid:15][com.facebook.buck.util.config.Configs] Loaded project configuration file /home/kaiyin/cProjects/docopt_cpp/.buckconfig
[2018-11-10 21:54:51.370][debug][command:null][tid:15][com.facebook.buck.util.config.Configs] Adding configuration overrides RawConfig{values={}}
[2018-11-10 21:54:51.631][info ][command:null][tid:15][org.pf4j.DefaultPluginStatusProvider] Enabled plugins: []
[2018-11-10 21:54:51.634][info ][command:null][tid:15][org.pf4j.DefaultPluginStatusProvider] Disabled plugins: []
[2018-11-10 21:54:51.650][info ][command:null][tid:15][org.pf4j.DefaultPluginManager] PF4J version 2.0.0-SNAPSHOT in 'deployment' mode
[2018-11-10 21:54:51.781][debug][command:null][tid:15][org.pf4j.AbstractPluginManager] Lookup plugins in '/home/kaiyin/javaProjects/buck/ant-out/buck-modules'
[2018-11-10 21:54:51.796][debug][command:null][tid:15][org.pf4j.AbstractPluginManager] Found 16 possible plugins: [/home/kaiyin/javaProjects/buck/ant-out/buck-modules/haskell.jar, /home/kaiyin/javaProjects/buck/ant-out/buck-modules/ziprules.jar, /home/kaiyin/javaProjects/buck/ant-out/buck-modules/intellij.jar, /home/kaiyin/javaProjects/buck/ant-out/buck-modules/gwt.jar, /home/kaiyin/javaProjects/buck/ant-out/buck-modules/python.jar, /home/kaiyin/javaProjects/buck/ant-out/buck-modules/halide.jar, /home/kaiyin/javaProjects/buck/ant-out/buck-modules/js.jar, /home/kaiyin/javaProjects/buck/ant-out/buck-modules/xcode.jar, /home/kaiyin/javaProjects/buck/ant-out/buck-modules/lua.jar, /home/kaiyin/javaProjects/buck/ant-out/buck-modules/filegroup.jar, /home/kaiyin/javaProjects/buck/ant-out/buck-modules/go.jar, /home/kaiyin/javaProjects/buck/ant-out/buck-modules/filebundler.jar, /home/kaiyin/javaProjects/buck/ant-out/buck-modules/dotnet.jar, /home/kaiyin/javaProjects/buck/ant-out/buck-modules/ocaml.jar, /home/kaiyin/javaProjects/buck/ant-out/buck-modules/rust.jar, /home/kaiyin/javaProjects/buck/ant-out/buck-modules/d.jar]
[2018-11-10 21:54:51.799][debug][command:null][tid:15][org.pf4j.AbstractPluginManager] Use 'org.pf4j.CompoundPluginDescriptorFinder@458f1ee9' to find plugins descriptors
[2018-11-10 21:54:51.800][debug][command:null][tid:15][org.pf4j.AbstractPluginManager] Finding plugin descriptor for plugin '/home/kaiyin/javaProjects/buck/ant-out/buck-modules/haskell.jar'
[2018-11-10 21:54:51.803][debug][command:null][tid:15][org.pf4j.CompoundPluginDescriptorFinder] 'org.pf4j.ManifestPluginDescriptorFinder@1faf264a' is applicable for plugin '/home/kaiyin/javaProjects/buck/ant-out/buck-modules/haskell.jar'
[2018-11-10 21:54:51.818][debug][command:null][tid:15][org.pf4j.AbstractPluginManager] Found descriptor PluginDescriptor [pluginId=com.facebook.buck.features.haskell, pluginClass=com.facebook.buck.features.haskell.HaskellModuleAdapterPlugin, version=0.0.1, provider=null, dependencies=[], description=, requires=*, license=null]
[2018-11-10 21:54:51.820][debug][command:null][tid:15][org.pf4j.AbstractPluginManager] Class 'com.facebook.buck.features.haskell.HaskellModuleAdapterPlugin' for plugin '/home/kaiyin/javaProjects/buck/ant-out/buck-modules/haskell.jar'
[2018-11-10 21:54:51.822][debug][command:null][tid:15][org.pf4j.AbstractPluginManager] Loading plugin '/home/kaiyin/javaProjects/buck/ant-out/buck-modules/haskell.jar'
[2018-11-10 21:54:51.828][debug][command:null][tid:15][org.pf4j.PluginClassLoader] Add 'file:/home/kaiyin/javaProjects/buck/ant-out/buck-modules/haskell.jar'
[2018-11-10 21:54:51.830][debug][command:null][tid:15][org.pf4j.AbstractPluginManager] Loaded plugin '/home/kaiyin/javaProjects/buck/ant-out/buck-modules/haskell.jar' with class loader 'org.pf4j.PluginClassLoader@359dd821'
[2018-11-10 21:54:51.831][debug][command:null][tid:15][org.pf4j.AbstractPluginManager] Creating wrapper for plugin '/home/kaiyin/javaProjects/buck/ant-out/buck-modules/haskell.jar'
[2018-11-10 21:54:51.841][debug][command:null][tid:15][org.pf4j.AbstractPluginManager] Created wrapper 'PluginWrapper [descriptor=PluginDescriptor [pluginId=com.facebook.buck.features.haskell, pluginClass=com.facebook.buck.features.haskell.HaskellModuleAdapterPlugin, version=0.0.1, provider=null, dependencies=[], description=, requires=*, license=null], pluginPath=/home/kaiyin/javaProjects/buck/ant-out/buck-modules/haskell.jar]' for plugin '/home/kaiyin/javaProjects/buck/ant-out/buck-modules/haskell.jar'
[2018-11-10 21:54:51.844][debug][command:null][tid:15][org.pf4j.AbstractPluginManager] Use 'org.pf4j.CompoundPluginDescriptorFinder@458f1ee9' to find plugins descriptors
[2018-11-10 21:54:51.846][debug][command:null][tid:15][org.pf4j.AbstractPluginManager] Finding plugin descriptor for plugin '/home/kaiyin/javaProjects/buck/ant-out/buck-modules/ziprules.jar'
[2018-11-10 21:54:51.849][debug][command:null][tid:15][org.pf4j.CompoundPluginDescriptorFinder] 'org.pf4j.ManifestPluginDescriptorFinder@1faf264a' is applicable for plugin '/home/kaiyin/javaProjects/buck/ant-out/buck-modules/ziprules.jar'
[2018-11-10 21:54:51.857][debug][command:null][tid:15][org.pf4j.AbstractPluginManager] Found descriptor PluginDescriptor [pluginId=com.facebook.buck.features.zip.rules, pluginClass=com.facebook.buck.features.zip.rules.ZipRulesModuleAdapterPlugin, version=0.0.1, provider=null, dependencies=[PluginDependency [pluginId=com.facebook.buck.features.filebundler, pluginVersionSupport=*]], description=, requires=*, license=null]
[2018-11-10 21:54:51.859][debug][command:null][tid:15][org.pf4j.AbstractPluginManager] Class 'com.facebook.buck.features.zip.rules.ZipRulesModuleAdapterPlugin' for plugin '/home/kaiyin/javaProjects/buck/ant-out/buck-modules/ziprules.jar'
[2018-11-10 21:54:51.861][debug][command:null][tid:15][org.pf4j.AbstractPluginManager] Loading plugin '/home/kaiyin/javaProjects/buck/ant-out/buck-modules/ziprules.jar'
[2018-11-10 21:54:51.863][debug][command:null][tid:15][org.pf4j.PluginClassLoader] Add 'file:/home/kaiyin/javaProjects/buck/ant-out/buck-modules/ziprules.jar'
[2018-11-10 21:54:51.865][debug][command:null][tid:15][org.pf4j.AbstractPluginManager] Loaded plugin '/home/kaiyin/javaProjects/buck/ant-out/buck-modules/ziprules.jar' with class loader 'org.pf4j.PluginClassLoader@15106574'
[2018-11-10 21:54:51.867][debug][command:null][tid:15][org.pf4j.AbstractPluginManager] Creating wrapper for plugin '/home/kaiyin/javaProjects/buck/ant-out/buck-modules/ziprules.jar'
[2018-11-10 21:54:51.869][debug][command:null][tid:15][org.pf4j.AbstractPluginManager] Created wrapper 'PluginWrapper [descriptor=PluginDescriptor [pluginId=com.facebook.buck.features.zip.rules, pluginClass=com.facebook.buck.features.zip.rules.ZipRulesModuleAdapterPlugin, version=0.0.1, provider=null, dependencies=[PluginDependency [pluginId=com.facebook.buck.features.filebundler, pluginVersionSupport=*]], description=, requires=*, license=null], pluginPath=/home/kaiyin/javaProjects/buck/ant-out/buck-modules/ziprules.jar]' for plugin '/home/kaiyin/javaProjects/buck/ant-out/buck-modules/ziprules.jar'
[2018-11-10 21:54:51.871][debug][command:null][tid:15][org.pf4j.AbstractPluginManager] Use 'org.pf4j.CompoundPluginDescriptorFinder@458f1ee9' to find plugins descriptors
[2018-11-10 21:54:51.874][debug][command:null][tid:15][org.pf4j.AbstractPluginManager] Finding plugin descriptor for plugin '/home/kaiyin/javaProjects/buck/ant-out/buck-modules/intellij.jar'
[2018-11-10 21:54:51.877][debug][command:null][tid:15][org.pf4j.CompoundPluginDescriptorFinder] 'org.pf4j.ManifestPluginDescriptorFinder@1faf264a' is applicable for plugin '/home/kaiyin/javaProjects/buck/ant-out/buck-modules/intellij.jar'
[2018-11-10 21:54:51.882][debug][command:null][tid:15][org.pf4j.AbstractPluginManager] Found descriptor PluginDescriptor [pluginId=com.facebook.buck.features.project.intellij, pluginClass=com.facebook.buck.features.project.intellij.IjBuckModuleAdapterPlugin, version=0.0.1, provider=null, dependencies=[PluginDependency [pluginId=com.facebook.buck.features.python, pluginVersionSupport=*]], description=, requires=*, license=null]
[2018-11-10 21:54:51.885][debug][command:null][tid:15][org.pf4j.AbstractPluginManager] Class 'com.facebook.buck.features.project.intellij.IjBuckModuleAdapterPlugin' for plugin '/home/kaiyin/javaProjects/buck/ant-out/buck-modules/intellij.jar'
[2018-11-10 21:54:51.886][debug][command:null][tid:15][org.pf4j.AbstractPluginManager] Loading plugin '/home/kaiyin/javaProjects/buck/ant-out/buck-modules/intellij.jar'
[2018-11-10 21:54:51.889][debug][command:null][tid:15][org.pf4j.PluginClassLoader] Add 'file:/home/kaiyin/javaProjects/buck/ant-out/buck-modules/intellij.jar'
[2018-11-10 21:54:51.891][debug][command:null][tid:15][org.pf4j.AbstractPluginManager] Loaded plugin '/home/kaiyin/javaProjects/buck/ant-out/buck-modules/intellij.jar' with class loader 'org.pf4j.PluginClassLoader@1eebb0b0'
[2018-11-10 21:54:51.893][debug][command:null][tid:15][org.pf4j.AbstractPluginManager] Creating wrapper for plugin '/home/kaiyin/javaProjects/buck/ant-out/buck-modules/intellij.jar'
[2018-11-10 21:54:51.894][debug][command:null][tid:15][org.pf4j.AbstractPluginManager] Created wrapper 'PluginWrapper [descriptor=PluginDescriptor [pluginId=com.facebook.buck.features.project.intellij, pluginClass=com.facebook.buck.features.project.intellij.IjBuckModuleAdapterPlugin, version=0.0.1, provider=null, dependencies=[PluginDependency [pluginId=com.facebook.buck.features.python, pluginVersionSupport=*]], description=, requires=*, license=null], pluginPath=/home/kaiyin/javaProjects/buck/ant-out/buck-modules/intellij.jar]' for plugin '/home/kaiyin/javaProjects/buck/ant-out/buck-modules/intellij.jar'
[2018-11-10 21:54:51.897][debug][command:null][tid:15][org.pf4j.AbstractPluginManager] Use 'org.pf4j.CompoundPluginDescriptorFinder@458f1ee9' to find plugins descriptors
[2018-11-10 21:54:51.899][debug][command:null][tid:15][org.pf4j.AbstractPluginManager] Finding plugin descriptor for plugin '/home/kaiyin/javaProjects/buck/ant-out/buck-modules/gwt.jar'
[2018-11-10 21:54:51.901][debug][command:null][tid:15][org.pf4j.CompoundPluginDescriptorFinder] 'org.pf4j.ManifestPluginDescriptorFinder@1faf264a' is applicable for plugin '/home/kaiyin/javaProjects/buck/ant-out/buck-modules/gwt.jar'
[2018-11-10 21:54:51.906][debug][command:null][tid:15][org.pf4j.AbstractPluginManager] Found descriptor PluginDescriptor [pluginId=com.facebook.buck.features.gwt, pluginClass=com.facebook.buck.features.gwt.GwtBuckModuleAdapterPlugin, version=0.0.1, provider=null, dependencies=[], description=, requires=*, license=null]
[2018-11-10 21:54:51.908][debug][command:null][tid:15][org.pf4j.AbstractPluginManager] Class 'com.facebook.buck.features.gwt.GwtBuckModuleAdapterPlugin' for plugin '/home/kaiyin/javaProjects/buck/ant-out/buck-modules/gwt.jar'
[2018-11-10 21:54:51.910][debug][command:null][tid:15][org.pf4j.AbstractPluginManager] Loading plugin '/home/kaiyin/javaProjects/buck/ant-out/buck-modules/gwt.jar'
[2018-11-10 21:54:51.912][debug][command:null][tid:15][org.pf4j.PluginClassLoader] Add 'file:/home/kaiyin/javaProjects/buck/ant-out/buck-modules/gwt.jar'
[2018-11-10 21:54:51.914][debug][command:null][tid:15][org.pf4j.AbstractPluginManager] Loaded plugin '/home/kaiyin/javaProjects/buck/ant-out/buck-modules/gwt.jar' with class loader 'org.pf4j.PluginClassLoader@1eddc00d'
[2018-11-10 21:54:51.916][debug][command:null][tid:15][org.pf4j.AbstractPluginManager] Creating wrapper for plugin '/home/kaiyin/javaProjects/buck/ant-out/buck-modules/gwt.jar'
[2018-11-10 21:54:51.918][debug][command:null][tid:15][org.pf4j.AbstractPluginManager] Created wrapper 'PluginWrapper [descriptor=PluginDescriptor [pluginId=com.facebook.buck.features.gwt, pluginClass=com.facebook.buck.features.gwt.GwtBuckModuleAdapterPlugin, version=0.0.1, provider=null, dependencies=[], description=, requires=*, license=null], pluginPath=/home/kaiyin/javaProjects/buck/ant-out/buck-modules/gwt.jar]' for plugin '/home/kaiyin/javaProjects/buck/ant-out/buck-modules/gwt.jar'
[2018-11-10 21:54:51.920][debug][command:null][tid:15][org.pf4j.AbstractPluginManager] Use 'org.pf4j.CompoundPluginDescriptorFinder@458f1ee9' to find plugins descriptors
[2018-11-10 21:54:51.921][debug][command:null][tid:15][org.pf4j.AbstractPluginManager] Finding plugin descriptor for plugin '/home/kaiyin/javaProjects/buck/ant-out/buck-modules/python.jar'
[2018-11-10 21:54:51.924][debug][command:null][tid:15][org.pf4j.CompoundPluginDescriptorFinder] 'org.pf4j.ManifestPluginDescriptorFinder@1faf264a' is applicable for plugin '/home/kaiyin/javaProjects/buck/ant-out/buck-modules/python.jar'
[2018-11-10 21:54:51.929][debug][command:null][tid:15][org.pf4j.AbstractPluginManager] Found descriptor PluginDescriptor [pluginId=com.facebook.buck.features.python, pluginClass=com.facebook.buck.features.python.PythonModuleAdapterPlugin, version=0.0.1, provider=null, dependencies=[], description=, requires=*, license=null]
[2018-11-10 21:54:51.932][debug][command:null][tid:15][org.pf4j.AbstractPluginManager] Class 'com.facebook.buck.features.python.PythonModuleAdapterPlugin' for plugin '/home/kaiyin/javaProjects/buck/ant-out/buck-modules/python.jar'
[2018-11-10 21:54:51.934][debug][command:null][tid:15][org.pf4j.AbstractPluginManager] Loading plugin '/home/kaiyin/javaProjects/buck/ant-out/buck-modules/python.jar'
[2018-11-10 21:54:51.937][debug][command:null][tid:15][org.pf4j.PluginClassLoader] Add 'file:/home/kaiyin/javaProjects/buck/ant-out/buck-modules/python.jar'
[2018-11-10 21:54:51.939][debug][command:null][tid:15][org.pf4j.AbstractPluginManager] Loaded plugin '/home/kaiyin/javaProjects/buck/ant-out/buck-modules/python.jar' with class loader 'org.pf4j.PluginClassLoader@73b4c914'
[2018-11-10 21:54:51.940][debug][command:null][tid:15][org.pf4j.AbstractPluginManager] Creating wrapper for plugin '/home/kaiyin/javaProjects/buck/ant-out/buck-modules/python.jar'
[2018-11-10 21:54:51.942][debug][command:null][tid:15][org.pf4j.AbstractPluginManager] Created wrapper 'PluginWrapper [descriptor=PluginDescriptor [pluginId=com.facebook.buck.features.python, pluginClass=com.facebook.buck.features.python.PythonModuleAdapterPlugin, version=0.0.1, provider=null, dependencies=[], description=, requires=*, license=null], pluginPath=/home/kaiyin/javaProjects/buck/ant-out/buck-modules/python.jar]' for plugin '/home/kaiyin/javaProjects/buck/ant-out/buck-modules/python.jar'
[2018-11-10 21:54:51.943][debug][command:null][tid:15][org.pf4j.AbstractPluginManager] Use 'org.pf4j.CompoundPluginDescriptorFinder@458f1ee9' to find plugins descriptors
[2018-11-10 21:54:51.945][debug][command:null][tid:15][org.pf4j.AbstractPluginManager] Finding plugin descriptor for plugin '/home/kaiyin/javaProjects/buck/ant-out/buck-modules/halide.jar'
[2018-11-10 21:54:51.947][debug][command:null][tid:15][org.pf4j.CompoundPluginDescriptorFinder] 'org.pf4j.ManifestPluginDescriptorFinder@1faf264a' is applicable for plugin '/home/kaiyin/javaProjects/buck/ant-out/buck-modules/halide.jar'
[2018-11-10 21:54:51.950][debug][command:null][tid:15][org.pf4j.AbstractPluginManager] Found descriptor PluginDescriptor [pluginId=com.facebook.buck.features.halide, pluginClass=com.facebook.buck.features.halide.HalideModuleAdapterPlugin, version=0.0.1, provider=null, dependencies=[], description=, requires=*, license=null]
[2018-11-10 21:54:51.952][debug][command:null][tid:15][org.pf4j.AbstractPluginManager] Class 'com.facebook.buck.features.halide.HalideModuleAdapterPlugin' for plugin '/home/kaiyin/javaProjects/buck/ant-out/buck-modules/halide.jar'
[2018-11-10 21:54:51.953][debug][command:null][tid:15][org.pf4j.AbstractPluginManager] Loading plugin '/home/kaiyin/javaProjects/buck/ant-out/buck-modules/halide.jar'
[2018-11-10 21:54:51.955][debug][command:null][tid:15][org.pf4j.PluginClassLoader] Add 'file:/home/kaiyin/javaProjects/buck/ant-out/buck-modules/halide.jar'
[2018-11-10 21:54:51.956][debug][command:null][tid:15][org.pf4j.AbstractPluginManager] Loaded plugin '/home/kaiyin/javaProjects/buck/ant-out/buck-modules/halide.jar' with class loader 'org.pf4j.PluginClassLoader@2d532bd6'
[2018-11-10 21:54:51.957][debug][command:null][tid:15][org.pf4j.AbstractPluginManager] Creating wrapper for plugin '/home/kaiyin/javaProjects/buck/ant-out/buck-modules/halide.jar'
[2018-11-10 21:54:51.959][debug][command:null][tid:15][org.pf4j.AbstractPluginManager] Created wrapper 'PluginWrapper [descriptor=PluginDescriptor [pluginId=com.facebook.buck.features.halide, pluginClass=com.facebook.buck.features.halide.HalideModuleAdapterPlugin, version=0.0.1, provider=null, dependencies=[], description=, requires=*, license=null], pluginPath=/home/kaiyin/javaProjects/buck/ant-out/buck-modules/halide.jar]' for plugin '/home/kaiyin/javaProjects/buck/ant-out/buck-modules/halide.jar'
[2018-11-10 21:54:51.960][debug][command:null][tid:15][org.pf4j.AbstractPluginManager] Use 'org.pf4j.CompoundPluginDescriptorFinder@458f1ee9' to find plugins descriptors
[2018-11-10 21:54:51.961][debug][command:null][tid:15][org.pf4j.AbstractPluginManager] Finding plugin descriptor for plugin '/home/kaiyin/javaProjects/buck/ant-out/buck-modules/js.jar'
[2018-11-10 21:54:51.964][debug][command:null][tid:15][org.pf4j.CompoundPluginDescriptorFinder] 'org.pf4j.ManifestPluginDescriptorFinder@1faf264a' is applicable for plugin '/home/kaiyin/javaProjects/buck/ant-out/buck-modules/js.jar'
[2018-11-10 21:54:51.968][debug][command:null][tid:15][org.pf4j.AbstractPluginManager] Found descriptor PluginDescriptor [pluginId=com.facebook.buck.features.js, pluginClass=com.facebook.buck.features.js.JsModuleAdapterPlugin, version=0.0.1, provider=null, dependencies=[], description=, requires=*, license=null]
[2018-11-10 21:54:51.969][debug][command:null][tid:15][org.pf4j.AbstractPluginManager] Class 'com.facebook.buck.features.js.JsModuleAdapterPlugin' for plugin '/home/kaiyin/javaProjects/buck/ant-out/buck-modules/js.jar'
[2018-11-10 21:54:51.970][debug][command:null][tid:15][org.pf4j.AbstractPluginManager] Loading plugin '/home/kaiyin/javaProjects/buck/ant-out/buck-modules/js.jar'
[2018-11-10 21:54:51.972][debug][command:null][tid:15][org.pf4j.PluginClassLoader] Add 'file:/home/kaiyin/javaProjects/buck/ant-out/buck-modules/js.jar'
[2018-11-10 21:54:51.973][debug][command:null][tid:15][org.pf4j.AbstractPluginManager] Loaded plugin '/home/kaiyin/javaProjects/buck/ant-out/buck-modules/js.jar' with class loader 'org.pf4j.PluginClassLoader@38413ea6'
[2018-11-10 21:54:51.974][debug][command:null][tid:15][org.pf4j.AbstractPluginManager] Creating wrapper for plugin '/home/kaiyin/javaProjects/buck/ant-out/buck-modules/js.jar'
[2018-11-10 21:54:51.976][debug][command:null][tid:15][org.pf4j.AbstractPluginManager] Created wrapper 'PluginWrapper [descriptor=PluginDescriptor [pluginId=com.facebook.buck.features.js, pluginClass=com.facebook.buck.features.js.JsModuleAdapterPlugin, version=0.0.1, provider=null, dependencies=[], description=, requires=*, license=null], pluginPath=/home/kaiyin/javaProjects/buck/ant-out/buck-modules/js.jar]' for plugin '/home/kaiyin/javaProjects/buck/ant-out/buck-modules/js.jar'
[2018-11-10 21:54:51.978][debug][command:null][tid:15][org.pf4j.AbstractPluginManager] Use 'org.pf4j.CompoundPluginDescriptorFinder@458f1ee9' to find plugins descriptors
[2018-11-10 21:54:51.979][debug][command:null][tid:15][org.pf4j.AbstractPluginManager] Finding plugin descriptor for plugin '/home/kaiyin/javaProjects/buck/ant-out/buck-modules/xcode.jar'
[2018-11-10 21:54:51.981][debug][command:null][tid:15][org.pf4j.CompoundPluginDescriptorFinder] 'org.pf4j.ManifestPluginDescriptorFinder@1faf264a' is applicable for plugin '/home/kaiyin/javaProjects/buck/ant-out/buck-modules/xcode.jar'
[2018-11-10 21:54:51.984][debug][command:null][tid:15][org.pf4j.AbstractPluginManager] Found descriptor PluginDescriptor [pluginId=com.facebook.buck.features.apple.project, pluginClass=com.facebook.buck.features.apple.project.XCodeBuckModuleAdapterPlugin, version=0.0.1, provider=null, dependencies=[PluginDependency [pluginId=com.facebook.buck.features.halide, pluginVersionSupport=*], PluginDependency [pluginId=com.facebook.buck.features.js, pluginVersionSupport=*]], description=, requires=*, license=null]
[2018-11-10 21:54:51.986][debug][command:null][tid:15][org.pf4j.AbstractPluginManager] Class 'com.facebook.buck.features.apple.project.XCodeBuckModuleAdapterPlugin' for plugin '/home/kaiyin/javaProjects/buck/ant-out/buck-modules/xcode.jar'
[2018-11-10 21:54:51.987][debug][command:null][tid:15][org.pf4j.AbstractPluginManager] Loading plugin '/home/kaiyin/javaProjects/buck/ant-out/buck-modules/xcode.jar'
[2018-11-10 21:54:51.989][debug][command:null][tid:15][org.pf4j.PluginClassLoader] Add 'file:/home/kaiyin/javaProjects/buck/ant-out/buck-modules/xcode.jar'
[2018-11-10 21:54:51.990][debug][command:null][tid:15][org.pf4j.AbstractPluginManager] Loaded plugin '/home/kaiyin/javaProjects/buck/ant-out/buck-modules/xcode.jar' with class loader 'org.pf4j.PluginClassLoader@4aad331a'
[2018-11-10 21:54:51.991][debug][command:null][tid:15][org.pf4j.AbstractPluginManager] Creating wrapper for plugin '/home/kaiyin/javaProjects/buck/ant-out/buck-modules/xcode.jar'
[2018-11-10 21:54:51.993][debug][command:null][tid:15][org.pf4j.AbstractPluginManager] Created wrapper 'PluginWrapper [descriptor=PluginDescriptor [pluginId=com.facebook.buck.features.apple.project, pluginClass=com.facebook.buck.features.apple.project.XCodeBuckModuleAdapterPlugin, version=0.0.1, provider=null, dependencies=[PluginDependency [pluginId=com.facebook.buck.features.halide, pluginVersionSupport=*], PluginDependency [pluginId=com.facebook.buck.features.js, pluginVersionSupport=*]], description=, requires=*, license=null], pluginPath=/home/kaiyin/javaProjects/buck/ant-out/buck-modules/xcode.jar]' for plugin '/home/kaiyin/javaProjects/buck/ant-out/buck-modules/xcode.jar'
[2018-11-10 21:54:51.994][debug][command:null][tid:15][org.pf4j.AbstractPluginManager] Use 'org.pf4j.CompoundPluginDescriptorFinder@458f1ee9' to find plugins descriptors
[2018-11-10 21:54:51.996][debug][command:null][tid:15][org.pf4j.AbstractPluginManager] Finding plugin descriptor for plugin '/home/kaiyin/javaProjects/buck/ant-out/buck-modules/lua.jar'
[2018-11-10 21:54:51.998][debug][command:null][tid:15][org.pf4j.CompoundPluginDescriptorFinder] 'org.pf4j.ManifestPluginDescriptorFinder@1faf264a' is applicable for plugin '/home/kaiyin/javaProjects/buck/ant-out/buck-modules/lua.jar'
[2018-11-10 21:54:52.001][debug][command:null][tid:15][org.pf4j.AbstractPluginManager] Found descriptor PluginDescriptor [pluginId=com.facebook.buck.features.lua, pluginClass=com.facebook.buck.features.lua.LuaModuleAdapterPlugin, version=0.0.1, provider=null, dependencies=[PluginDependency [pluginId=com.facebook.buck.features.python, pluginVersionSupport=*]], description=, requires=*, license=null]
[2018-11-10 21:54:52.002][debug][command:null][tid:15][org.pf4j.AbstractPluginManager] Class 'com.facebook.buck.features.lua.LuaModuleAdapterPlugin' for plugin '/home/kaiyin/javaProjects/buck/ant-out/buck-modules/lua.jar'
[2018-11-10 21:54:52.003][debug][command:null][tid:15][org.pf4j.AbstractPluginManager] Loading plugin '/home/kaiyin/javaProjects/buck/ant-out/buck-modules/lua.jar'
[2018-11-10 21:54:52.005][debug][command:null][tid:15][org.pf4j.PluginClassLoader] Add 'file:/home/kaiyin/javaProjects/buck/ant-out/buck-modules/lua.jar'
[2018-11-10 21:54:52.006][debug][command:null][tid:15][org.pf4j.AbstractPluginManager] Loaded plugin '/home/kaiyin/javaProjects/buck/ant-out/buck-modules/lua.jar' with class loader 'org.pf4j.PluginClassLoader@2ef36f9b'
[2018-11-10 21:54:52.008][debug][command:null][tid:15][org.pf4j.AbstractPluginManager] Creating wrapper for plugin '/home/kaiyin/javaProjects/buck/ant-out/buck-modules/lua.jar'
[2018-11-10 21:54:52.009][debug][command:null][tid:15][org.pf4j.AbstractPluginManager] Created wrapper 'PluginWrapper [descriptor=PluginDescriptor [pluginId=com.facebook.buck.features.lua, pluginClass=com.facebook.buck.features.lua.LuaModuleAdapterPlugin, version=0.0.1, provider=null, dependencies=[PluginDependency [pluginId=com.facebook.buck.features.python, pluginVersionSupport=*]], description=, requires=*, license=null], pluginPath=/home/kaiyin/javaProjects/buck/ant-out/buck-modules/lua.jar]' for plugin '/home/kaiyin/javaProjects/buck/ant-out/buck-modules/lua.jar'
[2018-11-10 21:54:52.011][debug][command:null][tid:15][org.pf4j.AbstractPluginManager] Use 'org.pf4j.CompoundPluginDescriptorFinder@458f1ee9' to find plugins descriptors
[2018-11-10 21:54:52.012][debug][command:null][tid:15][org.pf4j.AbstractPluginManager] Finding plugin descriptor for plugin '/home/kaiyin/javaProjects/buck/ant-out/buck-modules/filegroup.jar'
[2018-11-10 21:54:52.014][debug][command:null][tid:15][org.pf4j.CompoundPluginDescriptorFinder] 'org.pf4j.ManifestPluginDescriptorFinder@1faf264a' is applicable for plugin '/home/kaiyin/javaProjects/buck/ant-out/buck-modules/filegroup.jar'
[2018-11-10 21:54:52.017][debug][command:null][tid:15][org.pf4j.AbstractPluginManager] Found descriptor PluginDescriptor [pluginId=com.facebook.buck.features.filegroup, pluginClass=com.facebook.buck.features.filegroup.FilegroupModuleAdapterPlugin, version=0.0.1, provider=null, dependencies=[PluginDependency [pluginId=com.facebook.buck.features.filebundler, pluginVersionSupport=*]], description=, requires=*, license=null]
[2018-11-10 21:54:52.018][debug][command:null][tid:15][org.pf4j.AbstractPluginManager] Class 'com.facebook.buck.features.filegroup.FilegroupModuleAdapterPlugin' for plugin '/home/kaiyin/javaProjects/buck/ant-out/buck-modules/filegroup.jar'
[2018-11-10 21:54:52.019][debug][command:null][tid:15][org.pf4j.AbstractPluginManager] Loading plugin '/home/kaiyin/javaProjects/buck/ant-out/buck-modules/filegroup.jar'
[2018-11-10 21:54:52.021][debug][command:null][tid:15][org.pf4j.PluginClassLoader] Add 'file:/home/kaiyin/javaProjects/buck/ant-out/buck-modules/filegroup.jar'
[2018-11-10 21:54:52.022][debug][command:null][tid:15][org.pf4j.AbstractPluginManager] Loaded plugin '/home/kaiyin/javaProjects/buck/ant-out/buck-modules/filegroup.jar' with class loader 'org.pf4j.PluginClassLoader@35ea3bd8'
[2018-11-10 21:54:52.023][debug][command:null][tid:15][org.pf4j.AbstractPluginManager] Creating wrapper for plugin '/home/kaiyin/javaProjects/buck/ant-out/buck-modules/filegroup.jar'
[2018-11-10 21:54:52.024][debug][command:null][tid:15][org.pf4j.AbstractPluginManager] Created wrapper 'PluginWrapper [descriptor=PluginDescriptor [pluginId=com.facebook.buck.features.filegroup, pluginClass=com.facebook.buck.features.filegroup.FilegroupModuleAdapterPlugin, version=0.0.1, provider=null, dependencies=[PluginDependency [pluginId=com.facebook.buck.features.filebundler, pluginVersionSupport=*]], description=, requires=*, license=null], pluginPath=/home/kaiyin/javaProjects/buck/ant-out/buck-modules/filegroup.jar]' for plugin '/home/kaiyin/javaProjects/buck/ant-out/buck-modules/filegroup.jar'
[2018-11-10 21:54:52.026][debug][command:null][tid:15][org.pf4j.AbstractPluginManager] Use 'org.pf4j.CompoundPluginDescriptorFinder@458f1ee9' to find plugins descriptors
[2018-11-10 21:54:52.027][debug][command:null][tid:15][org.pf4j.AbstractPluginManager] Finding plugin descriptor for plugin '/home/kaiyin/javaProjects/buck/ant-out/buck-modules/go.jar'
[2018-11-10 21:54:52.029][debug][command:null][tid:15][org.pf4j.CompoundPluginDescriptorFinder] 'org.pf4j.ManifestPluginDescriptorFinder@1faf264a' is applicable for plugin '/home/kaiyin/javaProjects/buck/ant-out/buck-modules/go.jar'
[2018-11-10 21:54:52.077][debug][command:null][tid:15][org.pf4j.AbstractPluginManager] Found descriptor PluginDescriptor [pluginId=com.facebook.buck.features.go, pluginClass=com.facebook.buck.features.go.GoModuleAdapterPlugin, version=0.0.1, provider=null, dependencies=[], description=, requires=*, license=null]
[2018-11-10 21:54:52.097][debug][command:null][tid:15][org.pf4j.AbstractPluginManager] Class 'com.facebook.buck.features.go.GoModuleAdapterPlugin' for plugin '/home/kaiyin/javaProjects/buck/ant-out/buck-modules/go.jar'
[2018-11-10 21:54:52.099][debug][command:null][tid:15][org.pf4j.AbstractPluginManager] Loading plugin '/home/kaiyin/javaProjects/buck/ant-out/buck-modules/go.jar'
[2018-11-10 21:54:52.100][debug][command:null][tid:15][org.pf4j.PluginClassLoader] Add 'file:/home/kaiyin/javaProjects/buck/ant-out/buck-modules/go.jar'
[2018-11-10 21:54:52.101][debug][command:null][tid:15][org.pf4j.AbstractPluginManager] Loaded plugin '/home/kaiyin/javaProjects/buck/ant-out/buck-modules/go.jar' with class loader 'org.pf4j.PluginClassLoader@3bcc2820'
[2018-11-10 21:54:52.103][debug][command:null][tid:15][org.pf4j.AbstractPluginManager] Creating wrapper for plugin '/home/kaiyin/javaProjects/buck/ant-out/buck-modules/go.jar'
[2018-11-10 21:54:52.105][debug][command:null][tid:15][org.pf4j.AbstractPluginManager] Created wrapper 'PluginWrapper [descriptor=PluginDescriptor [pluginId=com.facebook.buck.features.go, pluginClass=com.facebook.buck.features.go.GoModuleAdapterPlugin, version=0.0.1, provider=null, dependencies=[], description=, requires=*, license=null], pluginPath=/home/kaiyin/javaProjects/buck/ant-out/buck-modules/go.jar]' for plugin '/home/kaiyin/javaProjects/buck/ant-out/buck-modules/go.jar'
[2018-11-10 21:54:52.107][debug][command:null][tid:15][org.pf4j.AbstractPluginManager] Use 'org.pf4j.CompoundPluginDescriptorFinder@458f1ee9' to find plugins descriptors
[2018-11-10 21:54:52.108][debug][command:null][tid:15][org.pf4j.AbstractPluginManager] Finding plugin descriptor for plugin '/home/kaiyin/javaProjects/buck/ant-out/buck-modules/filebundler.jar'
[2018-11-10 21:54:52.110][debug][command:null][tid:15][org.pf4j.CompoundPluginDescriptorFinder] 'org.pf4j.ManifestPluginDescriptorFinder@1faf264a' is applicable for plugin '/home/kaiyin/javaProjects/buck/ant-out/buck-modules/filebundler.jar'
[2018-11-10 21:54:52.113][debug][command:null][tid:15][org.pf4j.AbstractPluginManager] Found descriptor PluginDescriptor [pluginId=com.facebook.buck.features.filebundler, pluginClass=com.facebook.buck.features.filebundler.FileBundlerModuleAdapterPlugin, version=0.0.1, provider=null, dependencies=[], description=, requires=*, license=null]
[2018-11-10 21:54:52.115][debug][command:null][tid:15][org.pf4j.AbstractPluginManager] Class 'com.facebook.buck.features.filebundler.FileBundlerModuleAdapterPlugin' for plugin '/home/kaiyin/javaProjects/buck/ant-out/buck-modules/filebundler.jar'
[2018-11-10 21:54:52.116][debug][command:null][tid:15][org.pf4j.AbstractPluginManager] Loading plugin '/home/kaiyin/javaProjects/buck/ant-out/buck-modules/filebundler.jar'
[2018-11-10 21:54:52.117][debug][command:null][tid:15][org.pf4j.PluginClassLoader] Add 'file:/home/kaiyin/javaProjects/buck/ant-out/buck-modules/filebundler.jar'
[2018-11-10 21:54:52.119][debug][command:null][tid:15][org.pf4j.AbstractPluginManager] Loaded plugin '/home/kaiyin/javaProjects/buck/ant-out/buck-modules/filebundler.jar' with class loader 'org.pf4j.PluginClassLoader@7df93b03'
[2018-11-10 21:54:52.120][debug][command:null][tid:15][org.pf4j.AbstractPluginManager] Creating wrapper for plugin '/home/kaiyin/javaProjects/buck/ant-out/buck-modules/filebundler.jar'
[2018-11-10 21:54:52.121][debug][command:null][tid:15][org.pf4j.AbstractPluginManager] Created wrapper 'PluginWrapper [descriptor=PluginDescriptor [pluginId=com.facebook.buck.features.filebundler, pluginClass=com.facebook.buck.features.filebundler.FileBundlerModuleAdapterPlugin, version=0.0.1, provider=null, dependencies=[], description=, requires=*, license=null], pluginPath=/home/kaiyin/javaProjects/buck/ant-out/buck-modules/filebundler.jar]' for plugin '/home/kaiyin/javaProjects/buck/ant-out/buck-modules/filebundler.jar'
[2018-11-10 21:54:52.123][debug][command:null][tid:15][org.pf4j.AbstractPluginManager] Use 'org.pf4j.CompoundPluginDescriptorFinder@458f1ee9' to find plugins descriptors
[2018-11-10 21:54:52.124][debug][command:null][tid:15][org.pf4j.AbstractPluginManager] Finding plugin descriptor for plugin '/home/kaiyin/javaProjects/buck/ant-out/buck-modules/dotnet.jar'
[2018-11-10 21:54:52.127][debug][command:null][tid:15][org.pf4j.CompoundPluginDescriptorFinder] 'org.pf4j.ManifestPluginDescriptorFinder@1faf264a' is applicable for plugin '/home/kaiyin/javaProjects/buck/ant-out/buck-modules/dotnet.jar'
[2018-11-10 21:54:52.130][debug][command:null][tid:15][org.pf4j.AbstractPluginManager] Found descriptor PluginDescriptor [pluginId=com.facebook.buck.features.dotnet, pluginClass=com.facebook.buck.features.dotnet.DotnetModuleAdapterPlugin, version=0.0.1, provider=null, dependencies=[], description=, requires=*, license=null]
[2018-11-10 21:54:52.132][debug][command:null][tid:15][org.pf4j.AbstractPluginManager] Class 'com.facebook.buck.features.dotnet.DotnetModuleAdapterPlugin' for plugin '/home/kaiyin/javaProjects/buck/ant-out/buck-modules/dotnet.jar'
[2018-11-10 21:54:52.133][debug][command:null][tid:15][org.pf4j.AbstractPluginManager] Loading plugin '/home/kaiyin/javaProjects/buck/ant-out/buck-modules/dotnet.jar'
[2018-11-10 21:54:52.134][debug][command:null][tid:15][org.pf4j.PluginClassLoader] Add 'file:/home/kaiyin/javaProjects/buck/ant-out/buck-modules/dotnet.jar'
[2018-11-10 21:54:52.136][debug][command:null][tid:15][org.pf4j.AbstractPluginManager] Loaded plugin '/home/kaiyin/javaProjects/buck/ant-out/buck-modules/dotnet.jar' with class loader 'org.pf4j.PluginClassLoader@72e69f43'
[2018-11-10 21:54:52.137][debug][command:null][tid:15][org.pf4j.AbstractPluginManager] Creating wrapper for plugin '/home/kaiyin/javaProjects/buck/ant-out/buck-modules/dotnet.jar'
[2018-11-10 21:54:52.138][debug][command:null][tid:15][org.pf4j.AbstractPluginManager] Created wrapper 'PluginWrapper [descriptor=PluginDescriptor [pluginId=com.facebook.buck.features.dotnet, pluginClass=com.facebook.buck.features.dotnet.DotnetModuleAdapterPlugin, version=0.0.1, provider=null, dependencies=[], description=, requires=*, license=null], pluginPath=/home/kaiyin/javaProjects/buck/ant-out/buck-modules/dotnet.jar]' for plugin '/home/kaiyin/javaProjects/buck/ant-out/buck-modules/dotnet.jar'
[2018-11-10 21:54:52.140][debug][command:null][tid:15][org.pf4j.AbstractPluginManager] Use 'org.pf4j.CompoundPluginDescriptorFinder@458f1ee9' to find plugins descriptors
[2018-11-10 21:54:52.141][debug][command:null][tid:15][org.pf4j.AbstractPluginManager] Finding plugin descriptor for plugin '/home/kaiyin/javaProjects/buck/ant-out/buck-modules/ocaml.jar'
[2018-11-10 21:54:52.143][debug][command:null][tid:15][org.pf4j.CompoundPluginDescriptorFinder] 'org.pf4j.ManifestPluginDescriptorFinder@1faf264a' is applicable for plugin '/home/kaiyin/javaProjects/buck/ant-out/buck-modules/ocaml.jar'
[2018-11-10 21:54:52.146][debug][command:null][tid:15][org.pf4j.AbstractPluginManager] Found descriptor PluginDescriptor [pluginId=com.facebook.buck.features.ocaml, pluginClass=com.facebook.buck.features.ocaml.OcamlModuleAdapterPlugin, version=0.0.1, provider=null, dependencies=[], description=, requires=*, license=null]
[2018-11-10 21:54:52.147][debug][command:null][tid:15][org.pf4j.AbstractPluginManager] Class 'com.facebook.buck.features.ocaml.OcamlModuleAdapterPlugin' for plugin '/home/kaiyin/javaProjects/buck/ant-out/buck-modules/ocaml.jar'
[2018-11-10 21:54:52.148][debug][command:null][tid:15][org.pf4j.AbstractPluginManager] Loading plugin '/home/kaiyin/javaProjects/buck/ant-out/buck-modules/ocaml.jar'
[2018-11-10 21:54:52.150][debug][command:null][tid:15][org.pf4j.PluginClassLoader] Add 'file:/home/kaiyin/javaProjects/buck/ant-out/buck-modules/ocaml.jar'
[2018-11-10 21:54:52.151][debug][command:null][tid:15][org.pf4j.AbstractPluginManager] Loaded plugin '/home/kaiyin/javaProjects/buck/ant-out/buck-modules/ocaml.jar' with class loader 'org.pf4j.PluginClassLoader@438c203d'
[2018-11-10 21:54:52.152][debug][command:null][tid:15][org.pf4j.AbstractPluginManager] Creating wrapper for plugin '/home/kaiyin/javaProjects/buck/ant-out/buck-modules/ocaml.jar'
[2018-11-10 21:54:52.153][debug][command:null][tid:15][org.pf4j.AbstractPluginManager] Created wrapper 'PluginWrapper [descriptor=PluginDescriptor [pluginId=com.facebook.buck.features.ocaml, pluginClass=com.facebook.buck.features.ocaml.OcamlModuleAdapterPlugin, version=0.0.1, provider=null, dependencies=[], description=, requires=*, license=null], pluginPath=/home/kaiyin/javaProjects/buck/ant-out/buck-modules/ocaml.jar]' for plugin '/home/kaiyin/javaProjects/buck/ant-out/buck-modules/ocaml.jar'
[2018-11-10 21:54:52.155][debug][command:null][tid:15][org.pf4j.AbstractPluginManager] Use 'org.pf4j.CompoundPluginDescriptorFinder@458f1ee9' to find plugins descriptors
[2018-11-10 21:54:52.156][debug][command:null][tid:15][org.pf4j.AbstractPluginManager] Finding plugin descriptor for plugin '/home/kaiyin/javaProjects/buck/ant-out/buck-modules/rust.jar'
[2018-11-10 21:54:52.158][debug][command:null][tid:15][org.pf4j.CompoundPluginDescriptorFinder] 'org.pf4j.ManifestPluginDescriptorFinder@1faf264a' is applicable for plugin '/home/kaiyin/javaProjects/buck/ant-out/buck-modules/rust.jar'
[2018-11-10 21:54:52.161][debug][command:null][tid:15][org.pf4j.AbstractPluginManager] Found descriptor PluginDescriptor [pluginId=com.facebook.buck.features.rust, pluginClass=com.facebook.buck.features.rust.RustModuleAdapterPlugin, version=0.0.1, provider=null, dependencies=[], description=, requires=*, license=null]
[2018-11-10 21:54:52.162][debug][command:null][tid:15][org.pf4j.AbstractPluginManager] Class 'com.facebook.buck.features.rust.RustModuleAdapterPlugin' for plugin '/home/kaiyin/javaProjects/buck/ant-out/buck-modules/rust.jar'
[2018-11-10 21:54:52.163][debug][command:null][tid:15][org.pf4j.AbstractPluginManager] Loading plugin '/home/kaiyin/javaProjects/buck/ant-out/buck-modules/rust.jar'
[2018-11-10 21:54:52.165][debug][command:null][tid:15][org.pf4j.PluginClassLoader] Add 'file:/home/kaiyin/javaProjects/buck/ant-out/buck-modules/rust.jar'
[2018-11-10 21:54:52.166][debug][command:null][tid:15][org.pf4j.AbstractPluginManager] Loaded plugin '/home/kaiyin/javaProjects/buck/ant-out/buck-modules/rust.jar' with class loader 'org.pf4j.PluginClassLoader@52a35857'
[2018-11-10 21:54:52.167][debug][command:null][tid:15][org.pf4j.AbstractPluginManager] Creating wrapper for plugin '/home/kaiyin/javaProjects/buck/ant-out/buck-modules/rust.jar'
[2018-11-10 21:54:52.168][debug][command:null][tid:15][org.pf4j.AbstractPluginManager] Created wrapper 'PluginWrapper [descriptor=PluginDescriptor [pluginId=com.facebook.buck.features.rust, pluginClass=com.facebook.buck.features.rust.RustModuleAdapterPlugin, version=0.0.1, provider=null, dependencies=[], description=, requires=*, license=null], pluginPath=/home/kaiyin/javaProjects/buck/ant-out/buck-modules/rust.jar]' for plugin '/home/kaiyin/javaProjects/buck/ant-out/buck-modules/rust.jar'
[2018-11-10 21:54:52.170][debug][command:null][tid:15][org.pf4j.AbstractPluginManager] Use 'org.pf4j.CompoundPluginDescriptorFinder@458f1ee9' to find plugins descriptors
[2018-11-10 21:54:52.171][debug][command:null][tid:15][org.pf4j.AbstractPluginManager] Finding plugin descriptor for plugin '/home/kaiyin/javaProjects/buck/ant-out/buck-modules/d.jar'
[2018-11-10 21:54:52.172][debug][command:null][tid:15][org.pf4j.CompoundPluginDescriptorFinder] 'org.pf4j.ManifestPluginDescriptorFinder@1faf264a' is applicable for plugin '/home/kaiyin/javaProjects/buck/ant-out/buck-modules/d.jar'
[2018-11-10 21:54:52.176][debug][command:null][tid:15][org.pf4j.AbstractPluginManager] Found descriptor PluginDescriptor [pluginId=com.facebook.buck.features.d, pluginClass=com.facebook.buck.features.d.DModuleAdapterPlugin, version=0.0.1, provider=null, dependencies=[], description=, requires=*, license=null]
[2018-11-10 21:54:52.177][debug][command:null][tid:15][org.pf4j.AbstractPluginManager] Class 'com.facebook.buck.features.d.DModuleAdapterPlugin' for plugin '/home/kaiyin/javaProjects/buck/ant-out/buck-modules/d.jar'
[2018-11-10 21:54:52.178][debug][command:null][tid:15][org.pf4j.AbstractPluginManager] Loading plugin '/home/kaiyin/javaProjects/buck/ant-out/buck-modules/d.jar'
[2018-11-10 21:54:52.180][debug][command:null][tid:15][org.pf4j.PluginClassLoader] Add 'file:/home/kaiyin/javaProjects/buck/ant-out/buck-modules/d.jar'
[2018-11-10 21:54:52.181][debug][command:null][tid:15][org.pf4j.AbstractPluginManager] Loaded plugin '/home/kaiyin/javaProjects/buck/ant-out/buck-modules/d.jar' with class loader 'org.pf4j.PluginClassLoader@2ae94f66'
[2018-11-10 21:54:52.182][debug][command:null][tid:15][org.pf4j.AbstractPluginManager] Creating wrapper for plugin '/home/kaiyin/javaProjects/buck/ant-out/buck-modules/d.jar'
[2018-11-10 21:54:52.183][debug][command:null][tid:15][org.pf4j.AbstractPluginManager] Created wrapper 'PluginWrapper [descriptor=PluginDescriptor [pluginId=com.facebook.buck.features.d, pluginClass=com.facebook.buck.features.d.DModuleAdapterPlugin, version=0.0.1, provider=null, dependencies=[], description=, requires=*, license=null], pluginPath=/home/kaiyin/javaProjects/buck/ant-out/buck-modules/d.jar]' for plugin '/home/kaiyin/javaProjects/buck/ant-out/buck-modules/d.jar'
[2018-11-10 21:54:52.190][debug][command:null][tid:15][org.pf4j.DependencyResolver] Graph: 
   com.facebook.buck.features.lua -> [com.facebook.buck.features.python]
   com.facebook.buck.features.go -> []
   com.facebook.buck.features.rust -> []
   com.facebook.buck.features.zip.rules -> [com.facebook.buck.features.filebundler]
   com.facebook.buck.features.js -> []
   com.facebook.buck.features.haskell -> []
   com.facebook.buck.features.dotnet -> []
   com.facebook.buck.features.ocaml -> []
   com.facebook.buck.features.apple.project -> [com.facebook.buck.features.halide, com.facebook.buck.features.js]
   com.facebook.buck.features.d -> []
   com.facebook.buck.features.gwt -> []
   com.facebook.buck.features.filegroup -> [com.facebook.buck.features.filebundler]
   com.facebook.buck.features.filebundler -> []
   com.facebook.buck.features.python -> []
   com.facebook.buck.features.project.intellij -> [com.facebook.buck.features.python]
   com.facebook.buck.features.halide -> []
[2018-11-10 21:54:52.192][debug][command:null][tid:15][org.pf4j.DependencyResolver] Plugins order: [com.facebook.buck.features.python, com.facebook.buck.features.lua, com.facebook.buck.features.go, com.facebook.buck.features.rust, com.facebook.buck.features.filebundler, com.facebook.buck.features.zip.rules, com.facebook.buck.features.haskell, com.facebook.buck.features.dotnet, com.facebook.buck.features.ocaml, com.facebook.buck.features.halide, com.facebook.buck.features.js, com.facebook.buck.features.apple.project, com.facebook.buck.features.d, com.facebook.buck.features.gwt, com.facebook.buck.features.filegroup, com.facebook.buck.features.project.intellij]
[2018-11-10 21:54:52.197][info ][command:null][tid:15][org.pf4j.AbstractPluginManager] Plugin 'com.facebook.buck.features.python@0.0.1' resolved
[2018-11-10 21:54:52.198][info ][command:null][tid:15][org.pf4j.AbstractPluginManager] Plugin 'com.facebook.buck.features.lua@0.0.1' resolved
[2018-11-10 21:54:52.199][info ][command:null][tid:15][org.pf4j.AbstractPluginManager] Plugin 'com.facebook.buck.features.go@0.0.1' resolved
[2018-11-10 21:54:52.200][info ][command:null][tid:15][org.pf4j.AbstractPluginManager] Plugin 'com.facebook.buck.features.rust@0.0.1' resolved
[2018-11-10 21:54:52.201][info ][command:null][tid:15][org.pf4j.AbstractPluginManager] Plugin 'com.facebook.buck.features.filebundler@0.0.1' resolved
[2018-11-10 21:54:52.202][info ][command:null][tid:15][org.pf4j.AbstractPluginManager] Plugin 'com.facebook.buck.features.zip.rules@0.0.1' resolved
[2018-11-10 21:54:52.203][info ][command:null][tid:15][org.pf4j.AbstractPluginManager] Plugin 'com.facebook.buck.features.haskell@0.0.1' resolved
[2018-11-10 21:54:52.204][info ][command:null][tid:15][org.pf4j.AbstractPluginManager] Plugin 'com.facebook.buck.features.dotnet@0.0.1' resolved
[2018-11-10 21:54:52.205][info ][command:null][tid:15][org.pf4j.AbstractPluginManager] Plugin 'com.facebook.buck.features.ocaml@0.0.1' resolved
[2018-11-10 21:54:52.206][info ][command:null][tid:15][org.pf4j.AbstractPluginManager] Plugin 'com.facebook.buck.features.halide@0.0.1' resolved
[2018-11-10 21:54:52.207][info ][command:null][tid:15][org.pf4j.AbstractPluginManager] Plugin 'com.facebook.buck.features.js@0.0.1' resolved
[2018-11-10 21:54:52.208][info ][command:null][tid:15][org.pf4j.AbstractPluginManager] Plugin 'com.facebook.buck.features.apple.project@0.0.1' resolved
[2018-11-10 21:54:52.208][info ][command:null][tid:15][org.pf4j.AbstractPluginManager] Plugin 'com.facebook.buck.features.d@0.0.1' resolved
[2018-11-10 21:54:52.209][info ][command:null][tid:15][org.pf4j.AbstractPluginManager] Plugin 'com.facebook.buck.features.gwt@0.0.1' resolved
[2018-11-10 21:54:52.210][info ][command:null][tid:15][org.pf4j.AbstractPluginManager] Plugin 'com.facebook.buck.features.filegroup@0.0.1' resolved
[2018-11-10 21:54:52.211][info ][command:null][tid:15][org.pf4j.AbstractPluginManager] Plugin 'com.facebook.buck.features.project.intellij@0.0.1' resolved
[2018-11-10 21:54:52.212][info ][command:null][tid:15][org.pf4j.AbstractPluginManager] Start plugin 'com.facebook.buck.features.python@0.0.1'
[2018-11-10 21:54:52.213][debug][command:null][tid:15][org.pf4j.DefaultExtensionFactory] Create instance for plugin 'com.facebook.buck.features.python.PythonModuleAdapterPlugin'
[2018-11-10 21:54:52.225][info ][command:null][tid:15][org.pf4j.AbstractPluginManager] Start plugin 'com.facebook.buck.features.lua@0.0.1'
[2018-11-10 21:54:52.226][debug][command:null][tid:15][org.pf4j.DefaultExtensionFactory] Create instance for plugin 'com.facebook.buck.features.lua.LuaModuleAdapterPlugin'
[2018-11-10 21:54:52.231][info ][command:null][tid:15][org.pf4j.AbstractPluginManager] Start plugin 'com.facebook.buck.features.go@0.0.1'
[2018-11-10 21:54:52.232][debug][command:null][tid:15][org.pf4j.DefaultExtensionFactory] Create instance for plugin 'com.facebook.buck.features.go.GoModuleAdapterPlugin'
[2018-11-10 21:54:52.237][info ][command:null][tid:15][org.pf4j.AbstractPluginManager] Start plugin 'com.facebook.buck.features.rust@0.0.1'
[2018-11-10 21:54:52.239][debug][command:null][tid:15][org.pf4j.DefaultExtensionFactory] Create instance for plugin 'com.facebook.buck.features.rust.RustModuleAdapterPlugin'
[2018-11-10 21:54:52.245][info ][command:null][tid:15][org.pf4j.AbstractPluginManager] Start plugin 'com.facebook.buck.features.filebundler@0.0.1'
[2018-11-10 21:54:52.246][debug][command:null][tid:15][org.pf4j.DefaultExtensionFactory] Create instance for plugin 'com.facebook.buck.features.filebundler.FileBundlerModuleAdapterPlugin'
[2018-11-10 21:54:52.251][info ][command:null][tid:15][org.pf4j.AbstractPluginManager] Start plugin 'com.facebook.buck.features.zip.rules@0.0.1'
[2018-11-10 21:54:52.252][debug][command:null][tid:15][org.pf4j.DefaultExtensionFactory] Create instance for plugin 'com.facebook.buck.features.zip.rules.ZipRulesModuleAdapterPlugin'
[2018-11-10 21:54:52.258][info ][command:null][tid:15][org.pf4j.AbstractPluginManager] Start plugin 'com.facebook.buck.features.haskell@0.0.1'
[2018-11-10 21:54:52.259][debug][command:null][tid:15][org.pf4j.DefaultExtensionFactory] Create instance for plugin 'com.facebook.buck.features.haskell.HaskellModuleAdapterPlugin'
[2018-11-10 21:54:52.265][info ][command:null][tid:15][org.pf4j.AbstractPluginManager] Start plugin 'com.facebook.buck.features.dotnet@0.0.1'
[2018-11-10 21:54:52.266][debug][command:null][tid:15][org.pf4j.DefaultExtensionFactory] Create instance for plugin 'com.facebook.buck.features.dotnet.DotnetModuleAdapterPlugin'
[2018-11-10 21:54:52.270][info ][command:null][tid:15][org.pf4j.AbstractPluginManager] Start plugin 'com.facebook.buck.features.ocaml@0.0.1'
[2018-11-10 21:54:52.271][debug][command:null][tid:15][org.pf4j.DefaultExtensionFactory] Create instance for plugin 'com.facebook.buck.features.ocaml.OcamlModuleAdapterPlugin'
[2018-11-10 21:54:52.275][info ][command:null][tid:15][org.pf4j.AbstractPluginManager] Start plugin 'com.facebook.buck.features.halide@0.0.1'
[2018-11-10 21:54:52.277][debug][command:null][tid:15][org.pf4j.DefaultExtensionFactory] Create instance for plugin 'com.facebook.buck.features.halide.HalideModuleAdapterPlugin'
[2018-11-10 21:54:52.281][info ][command:null][tid:15][org.pf4j.AbstractPluginManager] Start plugin 'com.facebook.buck.features.js@0.0.1'
[2018-11-10 21:54:52.283][debug][command:null][tid:15][org.pf4j.DefaultExtensionFactory] Create instance for plugin 'com.facebook.buck.features.js.JsModuleAdapterPlugin'
[2018-11-10 21:54:52.288][info ][command:null][tid:15][org.pf4j.AbstractPluginManager] Start plugin 'com.facebook.buck.features.apple.project@0.0.1'
[2018-11-10 21:54:52.289][debug][command:null][tid:15][org.pf4j.DefaultExtensionFactory] Create instance for plugin 'com.facebook.buck.features.apple.project.XCodeBuckModuleAdapterPlugin'
[2018-11-10 21:54:52.294][info ][command:null][tid:15][org.pf4j.AbstractPluginManager] Start plugin 'com.facebook.buck.features.d@0.0.1'
[2018-11-10 21:54:52.296][debug][command:null][tid:15][org.pf4j.DefaultExtensionFactory] Create instance for plugin 'com.facebook.buck.features.d.DModuleAdapterPlugin'
[2018-11-10 21:54:52.300][info ][command:null][tid:15][org.pf4j.AbstractPluginManager] Start plugin 'com.facebook.buck.features.gwt@0.0.1'
[2018-11-10 21:54:52.301][debug][command:null][tid:15][org.pf4j.DefaultExtensionFactory] Create instance for plugin 'com.facebook.buck.features.gwt.GwtBuckModuleAdapterPlugin'
[2018-11-10 21:54:52.306][info ][command:null][tid:15][org.pf4j.AbstractPluginManager] Start plugin 'com.facebook.buck.features.filegroup@0.0.1'
[2018-11-10 21:54:52.307][debug][command:null][tid:15][org.pf4j.DefaultExtensionFactory] Create instance for plugin 'com.facebook.buck.features.filegroup.FilegroupModuleAdapterPlugin'
[2018-11-10 21:54:52.311][info ][command:null][tid:15][org.pf4j.AbstractPluginManager] Start plugin 'com.facebook.buck.features.project.intellij@0.0.1'
[2018-11-10 21:54:52.312][debug][command:null][tid:15][org.pf4j.DefaultExtensionFactory] Create instance for plugin 'com.facebook.buck.features.project.intellij.IjBuckModuleAdapterPlugin'
[2018-11-10 21:54:52.878][debug][command:null][tid:15][com.facebook.buck.cli.Main] Rotating log.
